[2018-12-06 10:14:14] 58.246.103.190 /book/index.php/Home/User/SendCode
ERR: {"code":739569,"sendtime":1544062454,"session_id":"5frsc8i1mi3t15o701j97oejn2","content":"\u9a8c\u8bc1\u7801\u53d1\u9001\u6210\u529f,\u8bf7\u6ce8\u610f\u77ed\u4fe1\u901a\u77e5!!!"}

[2018-12-06 10:14:28] 58.246.103.190 /book/index.php/Home/User/Login
ERR: session：1544062454sesssion_telnum:18321437561

[2018-12-06 10:15:15] 58.246.103.190 /book/index.php/Home/Order/GetOrderInfo
ERR: access_token:16_5KO2JUUrxAbXNnY89wUULiUFytR-ncM_bw7QZiUD0On43vVVmV4e9fzJyvT5MBgSLZDIyln5IQZZ27ZJeK7qCAvVYanWQjd-InEh4v9jYsGpM-bACtKwL1XIlWnptuFp2hwvU2m-PgyBz9tjFGYiAGASTL

[2018-12-06 10:15:15] 58.246.103.190 /book/
ERR: 非法操作:index

[2018-12-06 10:17:21] 58.246.103.190 /book/index.php/Home/Wxpay/PayOrder
ERR: 1054:Unknown column 'title' in 'field list'
 [ SQL语句 ] : SELECT `title` FROM `booking_level` WHERE ( id=2 ) LIMIT 1  
ERR: 1054:Unknown column 'title' in 'field list'
 [ SQL语句 ] : SELECT `title` FROM `booking_level` WHERE ( id=2 ) LIMIT 1  

[2018-12-06 10:18:29] 58.246.103.190 /book/index.php/Home/Wxpay/PayOrder
ERR: 1064:You have an error in your SQL syntax; check the manual that corresponds to your MySQL server version for the right syntax to use near 'and status=0 ) LIMIT 1' at line 1
 [ SQL语句 ] : SELECT `status`,`money` FROM `booking_order` WHERE ( id= and status=0 ) LIMIT 1  
ERR: 1064:You have an error in your SQL syntax; check the manual that corresponds to your MySQL server version for the right syntax to use near 'and status=0 ) LIMIT 1' at line 1
 [ SQL语句 ] : SELECT `status`,`money` FROM `booking_order` WHERE ( id= and status=0 ) LIMIT 1  

[2018-12-06 10:18:49] 58.246.103.190 /book/index.php/Home/Wxpay/PayOrder
ERR: 1064:You have an error in your SQL syntax; check the manual that corresponds to your MySQL server version for the right syntax to use near 'and status=0 ) LIMIT 1' at line 1
 [ SQL语句 ] : SELECT `status`,`money` FROM `booking_order` WHERE ( id= and status=0 ) LIMIT 1  
ERR: 1064:You have an error in your SQL syntax; check the manual that corresponds to your MySQL server version for the right syntax to use near 'and status=0 ) LIMIT 1' at line 1
 [ SQL语句 ] : SELECT `status`,`money` FROM `booking_order` WHERE ( id= and status=0 ) LIMIT 1  

[2018-12-06 10:18:57] 58.246.103.190 /book/index.php/Home/Wxpay/PayOrder
ERR: 1064:You have an error in your SQL syntax; check the manual that corresponds to your MySQL server version for the right syntax to use near 'and status=0 ) LIMIT 1' at line 1
 [ SQL语句 ] : SELECT `status`,`money` FROM `booking_order` WHERE ( id= and status=0 ) LIMIT 1  
ERR: 1064:You have an error in your SQL syntax; check the manual that corresponds to your MySQL server version for the right syntax to use near 'and status=0 ) LIMIT 1' at line 1
 [ SQL语句 ] : SELECT `status`,`money` FROM `booking_order` WHERE ( id= and status=0 ) LIMIT 1  

[2018-12-06 10:19:19] 58.246.103.190 /book/index.php/Home/Wxpay/PayOrder
ERR: 1064:You have an error in your SQL syntax; check the manual that corresponds to your MySQL server version for the right syntax to use near 'and status=0 ) LIMIT 1' at line 1
 [ SQL语句 ] : SELECT `status`,`money` FROM `booking_order` WHERE ( id= and status=0 ) LIMIT 1  
ERR: 1064:You have an error in your SQL syntax; check the manual that corresponds to your MySQL server version for the right syntax to use near 'and status=0 ) LIMIT 1' at line 1
 [ SQL语句 ] : SELECT `status`,`money` FROM `booking_order` WHERE ( id= and status=0 ) LIMIT 1  

[2018-12-06 10:19:27] 58.246.103.190 /book/index.php/Home/Wxpay/PayOrder
ERR: 1064:You have an error in your SQL syntax; check the manual that corresponds to your MySQL server version for the right syntax to use near 'and status=0 ) LIMIT 1' at line 1
 [ SQL语句 ] : SELECT `status`,`money` FROM `booking_order` WHERE ( id= and status=0 ) LIMIT 1  
ERR: 1064:You have an error in your SQL syntax; check the manual that corresponds to your MySQL server version for the right syntax to use near 'and status=0 ) LIMIT 1' at line 1
 [ SQL语句 ] : SELECT `status`,`money` FROM `booking_order` WHERE ( id= and status=0 ) LIMIT 1  

[2018-12-06 10:20:10] 58.246.103.190 /book/index.php/Home/Wxpay/PayOrder
ERR: 1064:You have an error in your SQL syntax; check the manual that corresponds to your MySQL server version for the right syntax to use near 'and status=0 ) LIMIT 1' at line 1
 [ SQL语句 ] : SELECT `status`,`money` FROM `booking_order` WHERE ( id= and status=0 ) LIMIT 1  
ERR: 1064:You have an error in your SQL syntax; check the manual that corresponds to your MySQL server version for the right syntax to use near 'and status=0 ) LIMIT 1' at line 1
 [ SQL语句 ] : SELECT `status`,`money` FROM `booking_order` WHERE ( id= and status=0 ) LIMIT 1  

[2018-12-06 10:20:56] 58.246.103.190 /book/index.php/Home/Wxpay/PayOrder
ERR: 1064:You have an error in your SQL syntax; check the manual that corresponds to your MySQL server version for the right syntax to use near 'and status=0 ) LIMIT 1' at line 1
 [ SQL语句 ] : SELECT `status`,`money` FROM `booking_order` WHERE ( id= and status=0 ) LIMIT 1  
ERR: 1064:You have an error in your SQL syntax; check the manual that corresponds to your MySQL server version for the right syntax to use near 'and status=0 ) LIMIT 1' at line 1
 [ SQL语句 ] : SELECT `status`,`money` FROM `booking_order` WHERE ( id= and status=0 ) LIMIT 1  

[2018-12-06 10:21:11] 58.246.103.190 /book/index.php/Home/Wxpay/PayOrder
ERR: 1064:You have an error in your SQL syntax; check the manual that corresponds to your MySQL server version for the right syntax to use near 'and status=0 ) LIMIT 1' at line 1
 [ SQL语句 ] : SELECT `status`,`money` FROM `booking_order` WHERE ( id= and status=0 ) LIMIT 1  
ERR: 1064:You have an error in your SQL syntax; check the manual that corresponds to your MySQL server version for the right syntax to use near 'and status=0 ) LIMIT 1' at line 1
 [ SQL语句 ] : SELECT `status`,`money` FROM `booking_order` WHERE ( id= and status=0 ) LIMIT 1  

[2018-12-06 10:21:44] 58.246.103.190 /book/index.php/Home/Wxpay/PayOrder
ERR: 1064:You have an error in your SQL syntax; check the manual that corresponds to your MySQL server version for the right syntax to use near 'and status=0 ) LIMIT 1' at line 1
 [ SQL语句 ] : SELECT `status`,`money` FROM `booking_order` WHERE ( id= and status=0 ) LIMIT 1  
ERR: 1064:You have an error in your SQL syntax; check the manual that corresponds to your MySQL server version for the right syntax to use near 'and status=0 ) LIMIT 1' at line 1
 [ SQL语句 ] : SELECT `status`,`money` FROM `booking_order` WHERE ( id= and status=0 ) LIMIT 1  

[2018-12-06 10:28:46] 58.246.103.190 /book/index.php/Home/Wxpay/PayOrder
ERR: 1054:Unknown column 'title' in 'field list'
 [ SQL语句 ] : SELECT `title` FROM `booking_level` WHERE ( id=2 ) LIMIT 1  
ERR: 1054:Unknown column 'title' in 'field list'
 [ SQL语句 ] : SELECT `title` FROM `booking_level` WHERE ( id=2 ) LIMIT 1  

